[LOG] System::create                           : Header version = 2.01.11. Current version = 2.01.11.
[LOG] Manager::init                            : maxchannels = 256 studioflags = 00000006 flags 00000000 extradriverdata 0000000000000000.
[LOG] SystemI::init                            : Initialize version=20111 (118066), maxchannels=256, flags=0x00020000
[LOG] SystemI::setOutputInternal               : Setting output to 'FMOD WASAPI Output'
[LOG] OutputWASAPI::init                       : Mix Format (WAVEFORMATEX): wFormatTag=0xFFFE, nChannels=2, nSamplesPerSec=48000, nAvgBytesPerSec=384000, nBlockAlign=8, wBitsPerSample=32, cbSize=22.
[LOG] OutputWASAPI::init                       : Mix Format (WAVEFORMATEXTENSIBLE): wValidBitsPerSample=32, dwChannelMask=0x00000003, SubFormat=00000003-0000-0010-8000-00AA00389B71.
[LOG] OutputWASAPI::init                       : Output buffer size: 4096 samples, latency: 0.00ms, period: 10.00ms, DSP buffer: 1024 * 4
[LOG] Thread::initThread                       : Init FMOD stream thread. Affinity: 0x8000000000000003, Priority: 0xFFFF7FFB, Stack Size: 98304, Semaphore: No, Sleep Time: 10, Looping: Yes.
[LOG] Thread::initThread                       : Init FMOD mixer thread. Affinity: 0x8000000000000001, Priority: 0xFFFF7FFA, Stack Size: 81920, Semaphore: No, Sleep Time: 0, Looping: Yes.
[LOG] AsyncManager::init                       : manager 00000221C5D7C3B8 isAsync 0 updatePeriod 0.02
[LOG] AsyncManager::init                       : done
[LOG] PlaybackSystem::init                     : 
[LOG] Thread::initThread                       : Init FMOD Studio sample load thread. Affinity: 0x8000000000000003, Priority: 0xFFFF7FFD, Stack Size: 98304, Semaphore: No, Sleep Time: 1, Looping: No.
[LOG] PlaybackSystem::init                     : done
[LOG] Thread::initThread                       : Init FMOD Studio bank load thread. Affinity: 0x8000000000000003, Priority: 0xFFFF7FFD, Stack Size: 98304, Semaphore: No, Sleep Time: 1, Looping: No.
[LOG] Manager::init                            : done.
[LOG] Manager::readBank                        : fileversion = 135, compatVersion = 132 (oldest = 44, newest = 135)
[LOG] Manager::readBank                        : fileversion = 135, compatVersion = 132 (oldest = 44, newest = 135)
[LOG] Manager::readBank                        : fileversion = 135, compatVersion = 132 (oldest = 44, newest = 135)
[LOG] PlaybackSystem::acquireMasterBus         : Setting master channel group format to 3
[LOG] SystemI::createSoundInternal             : Create name='', mode=0x02000202
[LOG] SystemI::createSoundInternal             : exinfo->cbsize             = 224
[LOG] SystemI::createSoundInternal             : exinfo->length             = 12903296
[LOG] SystemI::createSoundInternal             : exinfo->fileoffset         = 9344
[LOG] SystemI::createSoundInternal             : exinfo->numsubsounds       = 1
[LOG] SystemI::createSoundInternal             : exinfo->inclusionlist      = 00000083FF47F0D8
[LOG] SystemI::createSoundInternal             : exinfo->inclusionlistnum   = 1
[LOG] SystemI::createSoundInternal             : exinfo->suggestedsoundtype = 5
[LOG] SystemI::createSoundInternal             : exinfo->useropen           = 00007FFC4F4160E0
[LOG] SystemI::createSoundInternal             : exinfo->userclose          = 00007FFC4F4160B0
[LOG] SystemI::createSoundInternal             : exinfo->userread           = 00007FFC4F4161B0
[LOG] SystemI::createSoundInternal             : exinfo->userseek           = 00007FFC4F416270
[LOG] SystemI::createSoundInternal             : exinfo->fileuserdata       = 00000222620D6618
[LOG] SystemI::createSoundInternal             : exinfo->initialseekpostype = 1
[LOG] SystemI::DSPCodecPoolRegister            : register codec pool for pool type 5
[LOG] SystemI::createSoundInternal             : Sample 0/1: name='Main_Button ', format=5, channels=1, frequency=48000, lengthbytes=2496, lengthpcm=2777, pcmblocksize=0, loopstart=0, loopend=0, mode=0x00000000, channelmask=0x00000000, channelorder=0, peakvolume=0.284422.
[LOG] SystemI::createSoundInternal             : Create name='', mode=0x02000202
[LOG] SystemI::createSoundInternal             : exinfo->cbsize             = 224
[LOG] SystemI::createSoundInternal             : exinfo->length             = 12903296
[LOG] SystemI::createSoundInternal             : exinfo->fileoffset         = 9344
[LOG] SystemI::createSoundInternal             : exinfo->numsubsounds       = 1
[LOG] SystemI::createSoundInternal             : exinfo->inclusionlist      = 00000083FF47F0D8
[LOG] SystemI::createSoundInternal             : exinfo->inclusionlistnum   = 1
[LOG] SystemI::createSoundInternal             : exinfo->suggestedsoundtype = 5
[LOG] SystemI::createSoundInternal             : exinfo->useropen           = 00007FFC4F4160E0
[LOG] SystemI::createSoundInternal             : exinfo->userclose          = 00007FFC4F4160B0
[LOG] SystemI::createSoundInternal             : exinfo->userread           = 00007FFC4F4161B0
[LOG] SystemI::createSoundInternal             : exinfo->userseek           = 00007FFC4F416270
[LOG] SystemI::createSoundInternal             : exinfo->fileuserdata       = 00000222A359FE28
[LOG] SystemI::createSoundInternal             : exinfo->initialseekpostype = 1
[LOG] SystemI::DSPCodecPoolRegister            : register codec pool for pool type 5
[LOG] SystemI::createSoundInternal             : Sample 0/1: name='Settings_Button ', format=5, channels=1, frequency=48000, lengthbytes=3584, lengthpcm=7762, pcmblocksize=0, loopstart=0, loopend=0, mode=0x00000000, channelmask=0x00000000, channelorder=0, peakvolume=0.312336.
[LOG] SystemI::createSoundInternal             : Create name='', mode=0x02000202
[LOG] SystemI::createSoundInternal             : exinfo->cbsize             = 224
[LOG] SystemI::createSoundInternal             : exinfo->length             = 12903296
[LOG] SystemI::createSoundInternal             : exinfo->fileoffset         = 9344
[LOG] SystemI::createSoundInternal             : exinfo->numsubsounds       = 1
[LOG] SystemI::createSoundInternal             : exinfo->inclusionlist      = 00000083FF47F0D8
[LOG] SystemI::createSoundInternal             : exinfo->inclusionlistnum   = 1
[LOG] SystemI::createSoundInternal             : exinfo->suggestedsoundtype = 5
[LOG] SystemI::createSoundInternal             : exinfo->useropen           = 00007FFC4F4160E0
[LOG] SystemI::createSoundInternal             : exinfo->userclose          = 00007FFC4F4160B0
[LOG] SystemI::createSoundInternal             : exinfo->userread           = 00007FFC4F4161B0
[LOG] SystemI::createSoundInternal             : exinfo->userseek           = 00007FFC4F416270
[LOG] SystemI::createSoundInternal             : exinfo->fileuserdata       = 0000022106C65148
[LOG] SystemI::createSoundInternal             : exinfo->initialseekpostype = 1
[LOG] SystemI::DSPCodecPoolRegister            : register codec pool for pool type 5
[LOG] SystemI::createSoundInternal             : Sample 0/1: name='Exit_Button ', format=5, channels=1, frequency=48000, lengthbytes=2560, lengthpcm=3000, pcmblocksize=0, loopstart=0, loopend=0, mode=0x00000000, channelmask=0x00000000, channelorder=0, peakvolume=0.279866.
[LOG] SystemI::createSound                     : filename = Assets/FMODBanks/Desktop/Master.bank : mode 02010082
[LOG] SystemI::createSound                     : FMOD_NONBLOCKING specified.  Putting into queue to be opened asynchronously!
[LOG] SystemI::createSound                     : setdata soundi = 000002228C056158 : node = 00000222641DF440
[LOG] SystemI::createSound                     : add node to async list : head = 000002210AFAA758.  list count = 0
[LOG] AsyncThread::threadFunc                  : Starting Asynchronous operation on sound 000002228C056158
[LOG] SystemI::createSoundInternal             :     Create name='Assets/FMODBanks/Desktop/Master.bank', mode=0x02010082
[LOG] SystemI::createSoundInternal             :     exinfo->cbsize             = 224
[LOG] SystemI::createSoundInternal             :     exinfo->length             = 12903296
[LOG] SystemI::createSoundInternal             :     exinfo->fileoffset         = 9344
[LOG] SystemI::createSoundInternal             :     exinfo->numsubsounds       = 1
[LOG] SystemI::createSoundInternal             :     exinfo->inclusionlist      = 00000222641DF550
[LOG] SystemI::createSoundInternal             :     exinfo->inclusionlistnum   = 1
[LOG] SystemI::createSoundInternal             :     exinfo->suggestedsoundtype = 5
[LOG] SystemI::createSoundInternal             :     exinfo->initialseekpostype = 1
[LOG] SystemI::createSoundInternal             :     Stream 0/1: name='Ambience_Day', format=5, channels=2, frequency=48000, lengthbytes=6845792, lengthpcm=5415000, pcmblocksize=0, loopstart=0, loopend=0, mode=0x00000000, channelmask=0x00000000, channelorder=0, peakvolume=0.257330.
[LOG] AsyncThread::threadFunc                  : Finished Asynchronous operation on sound 000002228C056158
[LOG] AsyncThread::threadFunc                  : Starting Asynchronous operation on sound 000002228C043858
[LOG] AsyncThread::threadFunc                  : Finished Asynchronous operation on sound 000002228C043858
[LOG] SoundI::release                          : Ambience_Day (000002228CBF0D68)
[LOG] SoundI::release                          :     Ambience_Day (00000221365BDB28)
[LOG] SoundI::release                          :     Ambience_Day (000002228CBF1278)
[LOG] SystemI::createSound                     : filename = Assets/FMODBanks/Desktop/Master.bank : mode 02010082
[LOG] SystemI::createSound                     : FMOD_NONBLOCKING specified.  Putting into queue to be opened asynchronously!
[LOG] SystemI::createSound                     : setdata soundi = 00000221BC167A18 : node = 000002228A45DD90
[LOG] SystemI::createSound                     : add node to async list : head = 000002210AFAA758.  list count = 0
[LOG] AsyncThread::threadFunc                  : Starting Asynchronous operation on sound 00000221BC167A18
[LOG] SystemI::createSoundInternal             :     Create name='Assets/FMODBanks/Desktop/Master.bank', mode=0x02010082
[LOG] SystemI::createSoundInternal             :     exinfo->cbsize             = 224
[LOG] SystemI::createSoundInternal             :     exinfo->length             = 12903296
[LOG] SystemI::createSoundInternal             :     exinfo->fileoffset         = 9344
[LOG] SystemI::createSoundInternal             :     exinfo->numsubsounds       = 1
[LOG] SystemI::createSoundInternal             :     exinfo->inclusionlist      = 000002228A45DEA0
[LOG] SystemI::createSoundInternal             :     exinfo->inclusionlistnum   = 1
[LOG] SystemI::createSoundInternal             :     exinfo->suggestedsoundtype = 5
[LOG] SystemI::createSoundInternal             :     exinfo->initialseekpostype = 1
[LOG] SystemI::createSoundInternal             :     Stream 0/1: name='Ambient_Night', format=5, channels=2, frequency=48000, lengthbytes=6046816, lengthpcm=5085000, pcmblocksize=0, loopstart=0, loopend=0, mode=0x00000000, channelmask=0x00000000, channelorder=0, peakvolume=0.249251.
[LOG] AsyncThread::threadFunc                  : Finished Asynchronous operation on sound 00000221BC167A18
[LOG] AsyncThread::threadFunc                  : Starting Asynchronous operation on sound 00000221BC167F28
[LOG] AsyncThread::threadFunc                  : Finished Asynchronous operation on sound 00000221BC167F28
[LOG] SoundI::release                          : Ambience_Day (000002228C056158)
[LOG] SoundI::release                          :     Ambience_Day (00000221365BC948)
[LOG] SoundI::release                          :     Ambience_Day (000002228C043858)
[LOG] SoundI::release                          : Ambient_Night (00000221BC167A18)
[LOG] SoundI::release                          :     Ambient_Night (00000221365BD168)
[LOG] SoundI::release                          :     Ambient_Night (00000221BC167F28)
[LOG] SoundI::release                          :  (000002210F21E628)
[LOG] SoundI::release                          :     Settings_Button  (000002222F3305E8)
[LOG] SoundI::release                          :  (000002213701AC28)
[LOG] SoundI::release                          :     Main_Button  (00000221365BAA68)
[LOG] SoundI::release                          :  (00000221BC25A348)
[LOG] SoundI::release                          :     Exit_Button  (000002222EFFA6F8)
[LOG] Thread::callback                         : FMOD Studio update thread finished.
[LOG] Thread::callback                         : FMOD Studio bank load thread finished.
[LOG] Profile::disconnectAll                   : Profiler disconnecting all clients
[LOG] Thread::callback                         : FMOD Studio sample load thread finished.
[LOG] LiveUpdate::release                      : 
[LOG] LiveUpdate::reset                        : Reset connection (reason Disconnected)
[LOG] Thread::callback                         : FMOD stream thread finished.
[LOG] Thread::callback                         : FMOD mixer thread finished.
[LOG] Profile::disconnectAll                   : Profiler disconnecting all clients
[LOG] SystemI::close                           : Closed.
